<?xml version="1.0" encoding="UTF-8"?>
<!-- Generated by org.testng.reporters.JUnitXMLReporter -->
<testsuite ignored="2" hostname="Muhammads-MBP" failures="0" tests="2" name="Regression Test" time="13.623" errors="0" timestamp="2021-10-21T06:06:13 AST">
  <testcase classname="tests.UserRegisterationWithJavaFaker" name="userCanRegisterSuccessfully" time="11.516"/>
  <testcase classname="tests.ContactUsTest" name="userCanUserContactUs" time="1.919"/>
  <testcase classname="tests.TestBase" name="@BeforeSuite startDriver" time="0.0">
    <ignored/>
  </testcase> <!-- @BeforeSuite startDriver -->
  <testcase classname="tests.TestBase" name="@AfterSuite stopDriver" time="0.0">
    <ignored/>
  </testcase> <!-- @AfterSuite stopDriver -->
</testsuite> <!-- Regression Test -->
