<?xml version="1.0" encoding="UTF-8"?>
<testng-results ignored="2" total="4" passed="2" failed="0" skipped="0">
  <reporter-output>
  </reporter-output>
  <suite started-at="2021-10-21T06:05:59 AST" name="nopcommerce Regression Suite" finished-at="2021-10-21T06:06:13 AST" duration-ms="13623">
    <groups>
      <group name="cucumber">
        <method signature="AbstractTestNGCucumberTests.runScenario(io.cucumber.testng.PickleWrapper,io.cucumber.testng.FeatureWrapper)[pri:0, instance:tests.ContactUsTest@5f172d4a]" name="runScenario" class="io.cucumber.testng.AbstractTestNGCucumberTests"/>
        <method signature="AbstractTestNGCucumberTests.runScenario(io.cucumber.testng.PickleWrapper,io.cucumber.testng.FeatureWrapper)[pri:0, instance:tests.UserRegisterationWithJavaFaker@49ec6a9f]" name="runScenario" class="io.cucumber.testng.AbstractTestNGCucumberTests"/>
      </group> <!-- cucumber -->
    </groups>
    <test started-at="2021-10-21T06:05:59 AST" name="Regression Test" finished-at="2021-10-21T06:06:13 AST" duration-ms="13623">
      <class name="tests.UserRegisterationWithJavaFaker">
        <test-method is-config="true" signature="startDriver(java.lang.String)[pri:0, instance:tests.UserRegisterationWithJavaFaker@49ec6a9f]" started-at="2021-10-21T06:05:52 AST" name="startDriver" finished-at="2021-10-21T06:05:59 AST" duration-ms="7044" status="PASS">
          <params>
            <param index="0">
              <value>
                <![CDATA[chrome-headless]]>
              </value>
            </param>
          </params>
          <reporter-output>
          </reporter-output>
        </test-method> <!-- startDriver -->
        <test-method is-config="true" signature="setUpClass(org.testng.ITestContext)[pri:0, instance:tests.UserRegisterationWithJavaFaker@49ec6a9f]" started-at="2021-10-21T06:05:59 AST" name="setUpClass" finished-at="2021-10-21T06:05:59 AST" duration-ms="136" status="PASS">
          <params>
            <param index="0">
              <value>
                <![CDATA[org.testng.TestRunner@7493d937]]>
              </value>
            </param>
          </params>
          <reporter-output>
          </reporter-output>
        </test-method> <!-- setUpClass -->
        <test-method signature="userCanRegisterSuccessfully()[pri:1, instance:tests.UserRegisterationWithJavaFaker@49ec6a9f]" started-at="2021-10-21T06:05:59 AST" name="userCanRegisterSuccessfully" finished-at="2021-10-21T06:06:11 AST" duration-ms="11516" status="PASS">
          <reporter-output>
          </reporter-output>
        </test-method> <!-- userCanRegisterSuccessfully -->
        <test-method is-config="true" signature="screenshotOnFailure(org.testng.ITestResult)[pri:0, instance:tests.UserRegisterationWithJavaFaker@49ec6a9f]" started-at="2021-10-21T06:06:11 AST" name="screenshotOnFailure" finished-at="2021-10-21T06:06:11 AST" duration-ms="1" status="PASS">
          <params>
            <param index="0">
              <value>
                <![CDATA[[TestResult name=userCanRegisterSuccessfully status=SUCCESS method=UserRegisterationWithJavaFaker.userCanRegisterSuccessfully()[pri:1, instance:tests.UserRegisterationWithJavaFaker@49ec6a9f] output={null}]]]>
              </value>
            </param>
          </params>
          <reporter-output>
          </reporter-output>
        </test-method> <!-- screenshotOnFailure -->
        <test-method is-config="true" signature="tearDownClass()[pri:0, instance:tests.UserRegisterationWithJavaFaker@49ec6a9f]" started-at="2021-10-21T06:06:11 AST" name="tearDownClass" finished-at="2021-10-21T06:06:11 AST" duration-ms="9" status="PASS">
          <reporter-output>
          </reporter-output>
        </test-method> <!-- tearDownClass -->
        <test-method is-config="true" signature="stopDriver()[pri:0, instance:tests.UserRegisterationWithJavaFaker@49ec6a9f]" started-at="2021-10-21T06:06:13 AST" name="stopDriver" finished-at="2021-10-21T06:06:13 AST" duration-ms="76" status="PASS">
          <reporter-output>
          </reporter-output>
        </test-method> <!-- stopDriver -->
      </class> <!-- tests.UserRegisterationWithJavaFaker -->
      <class name="tests.ContactUsTest">
        <test-method is-config="true" signature="setUpClass(org.testng.ITestContext)[pri:0, instance:tests.ContactUsTest@5f172d4a]" started-at="2021-10-21T06:06:11 AST" name="setUpClass" finished-at="2021-10-21T06:06:11 AST" duration-ms="10" status="PASS">
          <params>
            <param index="0">
              <value>
                <![CDATA[org.testng.TestRunner@7493d937]]>
              </value>
            </param>
          </params>
          <reporter-output>
          </reporter-output>
        </test-method> <!-- setUpClass -->
        <test-method signature="userCanUserContactUs()[pri:0, instance:tests.ContactUsTest@5f172d4a]" started-at="2021-10-21T06:06:11 AST" name="userCanUserContactUs" finished-at="2021-10-21T06:06:13 AST" duration-ms="1919" status="PASS">
          <reporter-output>
          </reporter-output>
        </test-method> <!-- userCanUserContactUs -->
        <test-method is-config="true" signature="screenshotOnFailure(org.testng.ITestResult)[pri:0, instance:tests.ContactUsTest@5f172d4a]" started-at="2021-10-21T06:06:13 AST" name="screenshotOnFailure" finished-at="2021-10-21T06:06:13 AST" duration-ms="1" status="PASS">
          <params>
            <param index="0">
              <value>
                <![CDATA[[TestResult name=userCanUserContactUs status=SUCCESS method=ContactUsTest.userCanUserContactUs()[pri:0, instance:tests.ContactUsTest@5f172d4a] output={null}]]]>
              </value>
            </param>
          </params>
          <reporter-output>
          </reporter-output>
        </test-method> <!-- screenshotOnFailure -->
        <test-method is-config="true" signature="tearDownClass()[pri:0, instance:tests.ContactUsTest@5f172d4a]" started-at="2021-10-21T06:06:13 AST" name="tearDownClass" finished-at="2021-10-21T06:06:13 AST" duration-ms="1" status="PASS">
          <reporter-output>
          </reporter-output>
        </test-method> <!-- tearDownClass -->
      </class> <!-- tests.ContactUsTest -->
    </test> <!-- Regression Test -->
  </suite> <!-- nopcommerce Regression Suite -->
</testng-results>
